<?xml version="1.0" encoding="UTF-8"?>
<!-- Generated by org.testng.reporters.JUnitXMLReporter -->
<testsuite ignored="0" hostname="DESKTOP-7F6EAN9" failures="0" tests="3" name="Default test" time="38.354" errors="0" timestamp="2022-06-30T21:06:00 EDT">
  <testcase classname="hw14ClickMethod.ClickMethod" name="clickOnElement" time="2.503"/>
  <testcase classname="hw14ClickMethod.ClickMethod" name="inputId" time="16.568"/>
  <testcase classname="hw14ClickMethod.ClickMethod" name="enrollButton" time="8.036"/>
</testsuite> <!-- Default test -->
