<?xml version="1.0" encoding="UTF-8"?>
<testng-results ignored="0" total="3" passed="3" failed="0" skipped="0">
  <reporter-output>
  </reporter-output>
  <suite started-at="2022-06-30T21:05:21 EDT" name="Default suite" finished-at="2022-06-30T21:06:00 EDT" duration-ms="38354">
    <groups>
    </groups>
    <test started-at="2022-06-30T21:05:21 EDT" name="Default test" finished-at="2022-06-30T21:06:00 EDT" duration-ms="38354">
      <class name="hw14ClickMethod.ClickMethod">
        <test-method is-config="true" signature="setUp()[pri:0, instance:hw14ClickMethod.ClickMethod@3e11f9e9]" started-at="2022-06-30T21:05:21 EDT" name="setUp" finished-at="2022-06-30T21:05:32 EDT" duration-ms="10945" status="PASS">
          <reporter-output>
          </reporter-output>
        </test-method> <!-- setUp -->
        <test-method signature="clickOnElement()[pri:1, instance:hw14ClickMethod.ClickMethod@3e11f9e9]" started-at="2022-06-30T21:05:32 EDT" name="clickOnElement" finished-at="2022-06-30T21:05:35 EDT" duration-ms="2503" status="PASS">
          <reporter-output>
          </reporter-output>
        </test-method> <!-- clickOnElement -->
        <test-method signature="inputId()[pri:2, instance:hw14ClickMethod.ClickMethod@3e11f9e9]" started-at="2022-06-30T21:05:35 EDT" name="inputId" finished-at="2022-06-30T21:05:52 EDT" duration-ms="16568" status="PASS">
          <reporter-output>
          </reporter-output>
        </test-method> <!-- inputId -->
        <test-method signature="enrollButton()[pri:3, instance:hw14ClickMethod.ClickMethod@3e11f9e9]" started-at="2022-06-30T21:05:52 EDT" name="enrollButton" finished-at="2022-06-30T21:06:00 EDT" duration-ms="8036" status="PASS">
          <reporter-output>
          </reporter-output>
        </test-method> <!-- enrollButton -->
        <test-method is-config="true" signature="tearUp()[pri:0, instance:hw14ClickMethod.ClickMethod@3e11f9e9]" started-at="2022-06-30T21:06:00 EDT" name="tearUp" finished-at="2022-06-30T21:06:00 EDT" duration-ms="254" status="PASS">
          <reporter-output>
          </reporter-output>
        </test-method> <!-- tearUp -->
      </class> <!-- hw14ClickMethod.ClickMethod -->
    </test> <!-- Default test -->
  </suite> <!-- Default suite -->
</testng-results>
