<?xml version="1.0" encoding="UTF-8"?>
<!-- Generated by org.testng.reporters.JUnitReportReporter -->
<testsuite hostname="DESKTOP-7F6EAN9" failures="0" tests="2" name="hw13TestNgAnnotation.Hw13" time="0.069" errors="1" timestamp="2022-06-30T13:01:48 EDT" skipped="1">
  <testcase classname="hw13TestNgAnnotation.Hw13" name="setUp" time="0.069">
    <error message="The driver executable must exist: C:\Users\QA\eclipse-workspace\SeleniumMethodsHomeWork\{java.specification.version=17, sun.cpu.isalist=amd64, sun.jnu.encoding=Cp1252, java.class.path=C:\Users\QA\eclipse\java-2022-03\eclipse\configuration\org.eclipse.osgi\435\0\.cp\lib\testng-remote.jar;C:\Users\QA\eclipse-workspace\SeleniumMethodsHomeWork\bin;C:\Users\QA\eclipse-workspace\SeleniumMethodsHomeWork\lib\async-http-client-2.12.3.jar;C:\Users\QA\eclipse-workspace\SeleniumMethodsHomeWork\lib\async-http-client-netty-utils-2.12.3.jar;C:\Users\QA\eclipse-workspace\SeleniumMethodsHomeWork\lib\auto-common-1.2.1.jar;C:\Users\QA\eclipse-workspace\SeleniumMethodsHomeWork\lib\auto-service-1.0.1.jar;C:\Users\QA\eclipse-workspace\SeleniumMethodsHomeWork\lib\auto-service-annotations-1.0.1.jar;C:\Users\QA\eclipse-workspace\SeleniumMethodsHomeWork\lib\bcpkix-jdk15on-1.64.jar;C:\Users\QA\eclipse-workspace\SeleniumMethodsHomeWork\lib\bcprov-jdk15on-1.64.jar;C:\Users\QA\eclipse-workspace\SeleniumMethodsHomeWork\lib\byte-buddy-1.12.10.jar;C:\Users\QA\eclipse-workspace\SeleniumMethodsHomeWork\lib\checker-qual-3.12.0.jar;C:\Users\QA\eclipse-workspace\SeleniumMethodsHomeWork\lib\commons-codec-1.15.jar;C:\Users\QA\eclipse-workspace\SeleniumMethodsHomeWork\lib\commons-compress-1.21.jar;C:\Users\QA\eclipse-workspace\SeleniumMethodsHomeWork\lib\commons-exec-1.3.jar;C:\Users\QA\eclipse-workspace\SeleniumMethodsHomeWork\lib\commons-io-2.6.jar;C:\Users\QA\eclipse-workspace\SeleniumMethodsHomeWork\lib\commons-lang3-3.12.0.jar;C:\Users\QA\eclipse-workspace\SeleniumMethodsHomeWork\lib\dec-0.1.2.jar;C:\Users\QA\eclipse-workspace\SeleniumMethodsHomeWork\lib\docker-java-3.2.13.jar;C:\Users\QA\eclipse-workspace\SeleniumMethodsHomeWork\lib\docker-java-api-3.2.13.jar;C:\Users\QA\eclipse-workspace\SeleniumMethodsHomeWork\lib\docker-java-core-3.2.13.jar;C:\Users\QA\eclipse-workspace\SeleniumMethodsHomeWork\lib\docker-java-transport-3.2.13.jar;C:\Users\QA\eclipse-workspace\SeleniumMethodsHomeWork\lib\docker-java-transport-httpclient5-3.2.13.jar;C:\Users\QA\eclipse-workspace\SeleniumMethodsHomeWork\lib\error_prone_annotations-2.11.0.jar;C:\Users\QA\eclipse-workspace\SeleniumMethodsHomeWork\lib\failsafe-3.2.4.jar;C:\Users\QA\eclipse-workspace\SeleniumMethodsHomeWork\lib\failureaccess-1.0.1.jar;C:\Users\QA\eclipse-workspace\SeleniumMethodsHomeWork\lib\gson-2.9.0.jar;C:\Users\QA\eclipse-workspace\SeleniumMethodsHomeWork\lib\guava-31.1-jre.jar;C:\Users\QA\eclipse-workspace\SeleniumMethodsHomeWork\lib\httpclient5-5.1.3.jar;C:\Users\QA\eclipse-workspace\SeleniumMethodsHomeWork\lib\httpcore5-5.1.3.jar;C:\Users\QA\eclipse-workspace\SeleniumMethodsHomeWork\lib\httpcore5-h2-5.1.3.jar;C:\Users\QA\eclipse-workspace\SeleniumMethodsHomeWork\lib\j2objc-annotations-1.3.jar;C:\Users\QA\eclipse-workspace\SeleniumMethodsHomeWork\lib\jackson-annotations-2.10.3.jar;C:\Users\QA\eclipse-workspace\SeleniumMethodsHomeWork\lib\jackson-core-2.10.3.jar;C:\Users\QA\eclipse-workspace\SeleniumMethodsHomeWork\lib\jackson-databind-2.10.3.jar;C:\Users\QA\eclipse-workspace\SeleniumMethodsHomeWork\lib\jakarta.activation-1.2.2.jar;C:\Users\QA\eclipse-workspace\SeleniumMethodsHomeWork\lib\jcl-over-slf4j-1.7.30.jar;C:\Users\QA\eclipse-workspace\SeleniumMethodsHomeWork\lib\jcommander-1.82.jar;C:\Users\QA\eclipse-workspace\SeleniumMethodsHomeWork\lib\jna-5.8.0.jar;C:\Users\QA\eclipse-workspace\SeleniumMethodsHomeWork\lib\jsr305-3.0.2.jar;C:\Users\QA\eclipse-workspace\SeleniumMethodsHomeWork\lib\jtoml-2.0.0.jar;C:\Users\QA\eclipse-workspace\SeleniumMethodsHomeWork\lib\listenablefuture-9999.0-empty-to-avoid-conflict-with-guava.jar;C:\Users\QA\eclipse-workspace\SeleniumMethodsHomeWork\lib\netty-buffer-4.1.77.Final.jar;C:\Users\QA\eclipse-workspace\SeleniumMethodsHomeWork\lib\netty-codec-4.1.77.Final.jar;C:\Users\QA\eclipse-workspace\SeleniumMethodsHomeWork\lib\netty-codec-http-4.1.77.Final.jar;C:\Users\QA\eclipse-workspace\SeleniumMethodsHomeWork\lib\netty-codec-socks-4.1.77.Final.jar;C:\Users\QA\eclipse-workspace\SeleniumMethodsHomeWork\lib\netty-common-4.1.77.Final.jar;C:\Users\QA\eclipse-workspace\SeleniumMethodsHomeWork\lib\netty-handler-4.1.77.Final.jar;C:\Users\QA\eclipse-workspace\SeleniumMethodsHomeWork\lib\netty-handler-proxy-4.1.77.Final.jar;C:\Users\QA\eclipse-workspace\SeleniumMethodsHomeWork\lib\netty-reactive-streams-2.0.4.jar;C:\Users\QA\eclipse-workspace\SeleniumMethodsHomeWork\lib\netty-resolver-4.1.77.Final.jar;C:\Users\QA\eclipse-workspace\SeleniumMethodsHomeWork\lib\netty-transport-4.1.77.Final.jar;C:\Users\QA\eclipse-workspace\SeleniumMethodsHomeWork\lib\netty-transport-classes-epoll-4.1.77.Final.jar;C:\Users\QA\eclipse-workspace\SeleniumMethodsHomeWork\lib\netty-transport-classes-kqueue-4.1.77.Final.jar;C:\Users\QA\eclipse-workspace\SeleniumMethodsHomeWork\lib\netty-transport-native-epoll-4.1.77.Final.jar;C:\Users\QA\eclipse-workspace\SeleniumMethodsHomeWork\lib\netty-transport-native-kqueue-4.1.77.Final.jar;C:\Users\QA\eclipse-workspace\SeleniumMethodsHomeWork\lib\netty-transport-native-unix-common-4.1.77.Final.jar;C:\Users\QA\eclipse-workspace\SeleniumMethodsHomeWork\lib\opentelemetry-api-1.14.0.jar;C:\Users\QA\eclipse-workspace\SeleniumMethodsHomeWork\lib\opentelemetry-context-1.14.0.jar;C:\Users\QA\eclipse-workspace\SeleniumMethodsHomeWork\lib\opentelemetry-exporter-logging-1.14.0.jar;C:\Users\QA\eclipse-workspace\SeleniumMethodsHomeWork\lib\opentelemetry-sdk-1.14.0.jar;C:\Users\QA\eclipse-workspace\SeleniumMethodsHomeWork\lib\opentelemetry-sdk-common-1.14.0.jar;C:\Users\QA\eclipse-workspace\SeleniumMethodsHomeWork\lib\opentelemetry-sdk-extension-autoconfigure-1.14.0-alpha.jar;C:\Users\QA\eclipse-workspace\SeleniumMethodsHomeWork\lib\opentelemetry-sdk-extension-autoconfigure-spi-1.14.0.jar;C:\Users\QA\eclipse-workspace\SeleniumMethodsHomeWork\lib\opentelemetry-sdk-logs-1.14.0-alpha.jar;C:\Users\QA\eclipse-workspace\SeleniumMethodsHomeWork\lib\opentelemetry-sdk-metrics-1.14.0.jar;C:\Users\QA\eclipse-workspace\SeleniumMethodsHomeWork\lib\opentelemetry-sdk-trace-1.14.0.jar;C:\Users\QA\eclipse-workspace\SeleniumMethodsHomeWork\lib\opentelemetry-semconv-1.14.0-alpha.jar;C:\Users\QA\eclipse-workspace\SeleniumMethodsHomeWork\lib\reactive-streams-1.0.3.jar;C:\Users\QA\eclipse-workspace\SeleniumMethodsHomeWork\lib\selenium-api-4.2.2.jar;C:\Users\QA\eclipse-workspace\SeleniumMethodsHomeWork\lib\selenium-api-4.2.2-sources.jar;C:\Users\QA\eclipse-workspace\SeleniumMethodsHomeWork\lib\selenium-chrome-driver-4.2.2.jar;C:\Users\QA\eclipse-workspace\SeleniumMethodsHomeWork\lib\selenium-chrome-driver-4.2.2-sources.jar;C:\Users\QA\eclipse-workspace\SeleniumMethodsHomeWork\lib\selenium-chromium-driver-4.2.2.jar;C:\Users\QA\eclipse-workspace\SeleniumMethodsHomeWork\lib\selenium-chromium-driver-4.2.2-sources.jar;C:\Users\QA\eclipse-workspace\SeleniumMethodsHomeWork\lib\selenium-devtools-v100-4.2.2.jar;C:\Users\QA\eclipse-workspace\SeleniumMethodsHomeWork\lib\selenium-devtools-v100-4.2.2-sources.jar;C:\Users\QA\eclipse-workspace\SeleniumMethodsHomeWork\lib\selenium-devtools-v101-4.2.2.jar;C:\Users\QA\eclipse-workspace\SeleniumMethodsHomeWork\lib\selenium-devtools-v101-4.2.2-sources.jar;C:\Users\QA\eclipse-workspace\SeleniumMethodsHomeWork\lib\selenium-devtools-v102-4.2.2.jar;C:\Users\QA\eclipse-workspace\SeleniumMethodsHomeWork\lib\selenium-devtools-v102-4.2.2-sources.jar;C:\Users\QA\eclipse-workspace\SeleniumMethodsHomeWork\lib\selenium-devtools-v85-4.2.2.jar;C:\Users\QA\eclipse-workspace\SeleniumMethodsHomeWork\lib\selenium-devtools-v85-4.2.2-sources.jar;C:\Users\QA\eclipse-workspace\SeleniumMethodsHomeWork\lib\selenium-edge-driver-4.2.2.jar;C:\Users\QA\eclipse-workspace\SeleniumMethodsHomeWork\lib\selenium-edge-driver-4.2.2-sources.jar;C:\Users\QA\eclipse-workspace\SeleniumMethodsHomeWork\lib\selenium-firefox-driver-4.2.2.jar;C:\Users\QA\eclipse-workspace\SeleniumMethodsHomeWork\lib\selenium-firefox-driver-4.2.2-sources.jar;C:\Users\QA\eclipse-workspace\SeleniumMethodsHomeWork\lib\selenium-http-4.2.2.jar;C:\Users\QA\eclipse-workspace\SeleniumMethodsHomeWork\lib\selenium-http-4.2.2-sources.jar;C:\Users\QA\eclipse-workspace\SeleniumMethodsHomeWork\lib\selenium-ie-driver-4.2.2.jar;C:\Users\QA\eclipse-workspace\SeleniumMethodsHomeWork\lib\selenium-ie-driver-4.2.2-sources.jar;C:\Users\QA\eclipse-workspace\SeleniumMethodsHomeWork\lib\selenium-java-4.2.2.jar;C:\Users\QA\eclipse-workspace\SeleniumMethodsHomeWork\lib\selenium-java-4.2.2-sources.jar;C:\Users\QA\eclipse-workspace\SeleniumMethodsHomeWork\lib\selenium-json-4.2.2.jar;C:\Users\QA\eclipse-workspace\SeleniumMethodsHomeWork\lib\selenium-json-4.2.2-sources.jar;C:\Users\QA\eclipse-workspace\SeleniumMethodsHomeWork\lib\selenium-opera-driver-4.2.2.jar;C:\Users\QA\eclipse-workspace\SeleniumMethodsHomeWork\lib\selenium-opera-driver-4.2.2-sources.jar;C:\Users\QA\eclipse-workspace\SeleniumMethodsHomeWork\lib\selenium-remote-driver-4.2.2.jar;C:\Users\QA\eclipse-workspace\SeleniumMethodsHomeWork\lib\selenium-remote-driver-4.2.2-sources.jar;C:\Users\QA\eclipse-workspace\SeleniumMethodsHomeWork\lib\selenium-safari-driver-4.2.2.jar;C:\Users\QA\eclipse-workspace\SeleniumMethodsHomeWork\lib\selenium-safari-driver-4.2.2-sources.jar;C:\Users\QA\eclipse-workspace\SeleniumMethodsHomeWork\lib\selenium-support-4.2.2.jar;C:\Users\QA\eclipse-workspace\SeleniumMethodsHomeWork\lib\selenium-support-4.2.2-sources.jar;C:\Users\QA\eclipse-workspace\SeleniumMethodsHomeWork\lib\slf4j-api-1.7.36.jar;C:\Users\QA\eclipse-workspace\SeleniumMethodsHomeWork\lib\testng-7.4.0.jar;C:\Users\QA\eclipse-workspace\SeleniumMethodsHomeWork\lib\webdrivermanager-5.2.0.jar, java.vm.vendor=Eclipse Adoptium, sun.arch.data.model=64, user.variant=, java.vendor.url=https:\adoptium.net\, java.vm.specification.version=17, os.name=Windows 10, sun.java.launcher=SUN_STANDARD, user.country=US, sun.boot.library.path=C:\Users\QA\.p2\pool\plugins\org.eclipse.justj.openjdk.hotspot.jre.full.win32.x86_64_17.0.2.v20220201-1208\jre\bin, sun.java.command=org.testng.remote.RemoteTestNG -serport 61420 -protocol json -d C:\Users\QA\eclipse-workspace\SeleniumMethodsHomeWork\test-output C:\Users\QA\AppData\Local\Temp\testng-eclipse-1171788960\testng-customsuite.xml, jdk.debug=release, sun.cpu.endian=little, user.home=C:\Users\QA, user.language=en, java.specification.vendor=Oracle Corporation, java.version.date=2022-01-18, java.home=C:\Users\QA\.p2\pool\plugins\org.eclipse.justj.openjdk.hotspot.jre.full.win32.x86_64_17.0.2.v20220201-1208\jre, file.separator=\, java.vm.compressedOopsMode=32-bit, line.separator=
, java.vm.specification.vendor=Oracle Corporation, java.specification.name=Java Platform API Specification, user.script=, sun.management.compiler=HotSpot 64-Bit Tiered Compilers, java.runtime.version=17.0.2+8, user.name=QA, path.separator=;, os.version=10.0, java.runtime.name=OpenJDK Runtime Environment, file.encoding=Cp1252, java.vm.name=OpenJDK 64-Bit Server VM, java.vendor.version=Temurin-17.0.2+8, java.vendor.url.bug=https:\github.com\adoptium\adoptium-support\issues, java.io.tmpdir=C:\Users\QA\AppData\Local\Temp\, java.version=17.0.2, user.dir=C:\Users\QA\eclipse-workspace\SeleniumMethodsHomeWork, os.arch=amd64, java.vm.specification.name=Java Virtual Machine Specification, sun.os.patch.level=, native.encoding=Cp1252, java.library.path=C:\Users\QA\.p2\pool\plugins\org.eclipse.justj.openjdk.hotspot.jre.full.win32.x86_64_17.0.2.v20220201-1208\jre\bin;C:\WINDOWS\Sun\Java\bin;C:\WINDOWS\system32;C:\WINDOWS;C:\Users\QA\.p2\pool\plugins\org.eclipse.justj.openjdk.hotspot.jre.full.win32.x86_64_17.0.2.v20220201-1208\jre\bin\server;C:\Users\QA\.p2\pool\plugins\org.eclipse.justj.openjdk.hotspot.jre.full.win32.x86_64_17.0.2.v20220201-1208\jre\bin;C:\Program Files (x86)\Common Files\Oracle\Java\javapath;C:\WINDOWS\system32;C:\WINDOWS;C:\WINDOWS\System32\Wbem;C:\WINDOWS\System32\WindowsPowerShell\v1.0\;C:\WINDOWS\System32\OpenSSH\;C:\Program Files\Java\jdk1.8.0_333\bin;C:\apache-maven-3.8.5\bin;C:\Users\QA\AppData\Local\Programs\Python\Python310\Scripts\;C:\Users\QA\AppData\Local\Programs\Python\Python310\;C:\Users\QA\AppData\Local\Microsoft\WindowsApps;C:\Users\QA\AppData\Local\Programs\Git\cmd;C:\Users\QA\AppData\Local\Programs\Microsoft VS Code\bin;C:\Users\QA\Desktop;;., java.vm.info=mixed mode, java.vendor=Eclipse Adoptium, java.vm.version=17.0.2+8, sun.io.unicode.encoding=UnicodeLittle, java.class.version=61.0}\driver\chromedriver.exe" type="java.lang.IllegalStateException">
      <![CDATA[java.lang.IllegalStateException: The driver executable must exist: C:\Users\QA\eclipse-workspace\SeleniumMethodsHomeWork\{java.specification.version=17, sun.cpu.isalist=amd64, sun.jnu.encoding=Cp1252, java.class.path=C:\Users\QA\eclipse\java-2022-03\eclipse\configuration\org.eclipse.osgi\435\0\.cp\lib\testng-remote.jar;C:\Users\QA\eclipse-workspace\SeleniumMethodsHomeWork\bin;C:\Users\QA\eclipse-workspace\SeleniumMethodsHomeWork\lib\async-http-client-2.12.3.jar;C:\Users\QA\eclipse-workspace\SeleniumMethodsHomeWork\lib\async-http-client-netty-utils-2.12.3.jar;C:\Users\QA\eclipse-workspace\SeleniumMethodsHomeWork\lib\auto-common-1.2.1.jar;C:\Users\QA\eclipse-workspace\SeleniumMethodsHomeWork\lib\auto-service-1.0.1.jar;C:\Users\QA\eclipse-workspace\SeleniumMethodsHomeWork\lib\auto-service-annotations-1.0.1.jar;C:\Users\QA\eclipse-workspace\SeleniumMethodsHomeWork\lib\bcpkix-jdk15on-1.64.jar;C:\Users\QA\eclipse-workspace\SeleniumMethodsHomeWork\lib\bcprov-jdk15on-1.64.jar;C:\Users\QA\eclipse-workspace\SeleniumMethodsHomeWork\lib\byte-buddy-1.12.10.jar;C:\Users\QA\eclipse-workspace\SeleniumMethodsHomeWork\lib\checker-qual-3.12.0.jar;C:\Users\QA\eclipse-workspace\SeleniumMethodsHomeWork\lib\commons-codec-1.15.jar;C:\Users\QA\eclipse-workspace\SeleniumMethodsHomeWork\lib\commons-compress-1.21.jar;C:\Users\QA\eclipse-workspace\SeleniumMethodsHomeWork\lib\commons-exec-1.3.jar;C:\Users\QA\eclipse-workspace\SeleniumMethodsHomeWork\lib\commons-io-2.6.jar;C:\Users\QA\eclipse-workspace\SeleniumMethodsHomeWork\lib\commons-lang3-3.12.0.jar;C:\Users\QA\eclipse-workspace\SeleniumMethodsHomeWork\lib\dec-0.1.2.jar;C:\Users\QA\eclipse-workspace\SeleniumMethodsHomeWork\lib\docker-java-3.2.13.jar;C:\Users\QA\eclipse-workspace\SeleniumMethodsHomeWork\lib\docker-java-api-3.2.13.jar;C:\Users\QA\eclipse-workspace\SeleniumMethodsHomeWork\lib\docker-java-core-3.2.13.jar;C:\Users\QA\eclipse-workspace\SeleniumMethodsHomeWork\lib\docker-java-transport-3.2.13.jar;C:\Users\QA\eclipse-workspace\SeleniumMethodsHomeWork\lib\docker-java-transport-httpclient5-3.2.13.jar;C:\Users\QA\eclipse-workspace\SeleniumMethodsHomeWork\lib\error_prone_annotations-2.11.0.jar;C:\Users\QA\eclipse-workspace\SeleniumMethodsHomeWork\lib\failsafe-3.2.4.jar;C:\Users\QA\eclipse-workspace\SeleniumMethodsHomeWork\lib\failureaccess-1.0.1.jar;C:\Users\QA\eclipse-workspace\SeleniumMethodsHomeWork\lib\gson-2.9.0.jar;C:\Users\QA\eclipse-workspace\SeleniumMethodsHomeWork\lib\guava-31.1-jre.jar;C:\Users\QA\eclipse-workspace\SeleniumMethodsHomeWork\lib\httpclient5-5.1.3.jar;C:\Users\QA\eclipse-workspace\SeleniumMethodsHomeWork\lib\httpcore5-5.1.3.jar;C:\Users\QA\eclipse-workspace\SeleniumMethodsHomeWork\lib\httpcore5-h2-5.1.3.jar;C:\Users\QA\eclipse-workspace\SeleniumMethodsHomeWork\lib\j2objc-annotations-1.3.jar;C:\Users\QA\eclipse-workspace\SeleniumMethodsHomeWork\lib\jackson-annotations-2.10.3.jar;C:\Users\QA\eclipse-workspace\SeleniumMethodsHomeWork\lib\jackson-core-2.10.3.jar;C:\Users\QA\eclipse-workspace\SeleniumMethodsHomeWork\lib\jackson-databind-2.10.3.jar;C:\Users\QA\eclipse-workspace\SeleniumMethodsHomeWork\lib\jakarta.activation-1.2.2.jar;C:\Users\QA\eclipse-workspace\SeleniumMethodsHomeWork\lib\jcl-over-slf4j-1.7.30.jar;C:\Users\QA\eclipse-workspace\SeleniumMethodsHomeWork\lib\jcommander-1.82.jar;C:\Users\QA\eclipse-workspace\SeleniumMethodsHomeWork\lib\jna-5.8.0.jar;C:\Users\QA\eclipse-workspace\SeleniumMethodsHomeWork\lib\jsr305-3.0.2.jar;C:\Users\QA\eclipse-workspace\SeleniumMethodsHomeWork\lib\jtoml-2.0.0.jar;C:\Users\QA\eclipse-workspace\SeleniumMethodsHomeWork\lib\listenablefuture-9999.0-empty-to-avoid-conflict-with-guava.jar;C:\Users\QA\eclipse-workspace\SeleniumMethodsHomeWork\lib\netty-buffer-4.1.77.Final.jar;C:\Users\QA\eclipse-workspace\SeleniumMethodsHomeWork\lib\netty-codec-4.1.77.Final.jar;C:\Users\QA\eclipse-workspace\SeleniumMethodsHomeWork\lib\netty-codec-http-4.1.77.Final.jar;C:\Users\QA\eclipse-workspace\SeleniumMethodsHomeWork\lib\netty-codec-socks-4.1.77.Final.jar;C:\Users\QA\eclipse-workspace\SeleniumMethodsHomeWork\lib\netty-common-4.1.77.Final.jar;C:\Users\QA\eclipse-workspace\SeleniumMethodsHomeWork\lib\netty-handler-4.1.77.Final.jar;C:\Users\QA\eclipse-workspace\SeleniumMethodsHomeWork\lib\netty-handler-proxy-4.1.77.Final.jar;C:\Users\QA\eclipse-workspace\SeleniumMethodsHomeWork\lib\netty-reactive-streams-2.0.4.jar;C:\Users\QA\eclipse-workspace\SeleniumMethodsHomeWork\lib\netty-resolver-4.1.77.Final.jar;C:\Users\QA\eclipse-workspace\SeleniumMethodsHomeWork\lib\netty-transport-4.1.77.Final.jar;C:\Users\QA\eclipse-workspace\SeleniumMethodsHomeWork\lib\netty-transport-classes-epoll-4.1.77.Final.jar;C:\Users\QA\eclipse-workspace\SeleniumMethodsHomeWork\lib\netty-transport-classes-kqueue-4.1.77.Final.jar;C:\Users\QA\eclipse-workspace\SeleniumMethodsHomeWork\lib\netty-transport-native-epoll-4.1.77.Final.jar;C:\Users\QA\eclipse-workspace\SeleniumMethodsHomeWork\lib\netty-transport-native-kqueue-4.1.77.Final.jar;C:\Users\QA\eclipse-workspace\SeleniumMethodsHomeWork\lib\netty-transport-native-unix-common-4.1.77.Final.jar;C:\Users\QA\eclipse-workspace\SeleniumMethodsHomeWork\lib\opentelemetry-api-1.14.0.jar;C:\Users\QA\eclipse-workspace\SeleniumMethodsHomeWork\lib\opentelemetry-context-1.14.0.jar;C:\Users\QA\eclipse-workspace\SeleniumMethodsHomeWork\lib\opentelemetry-exporter-logging-1.14.0.jar;C:\Users\QA\eclipse-workspace\SeleniumMethodsHomeWork\lib\opentelemetry-sdk-1.14.0.jar;C:\Users\QA\eclipse-workspace\SeleniumMethodsHomeWork\lib\opentelemetry-sdk-common-1.14.0.jar;C:\Users\QA\eclipse-workspace\SeleniumMethodsHomeWork\lib\opentelemetry-sdk-extension-autoconfigure-1.14.0-alpha.jar;C:\Users\QA\eclipse-workspace\SeleniumMethodsHomeWork\lib\opentelemetry-sdk-extension-autoconfigure-spi-1.14.0.jar;C:\Users\QA\eclipse-workspace\SeleniumMethodsHomeWork\lib\opentelemetry-sdk-logs-1.14.0-alpha.jar;C:\Users\QA\eclipse-workspace\SeleniumMethodsHomeWork\lib\opentelemetry-sdk-metrics-1.14.0.jar;C:\Users\QA\eclipse-workspace\SeleniumMethodsHomeWork\lib\opentelemetry-sdk-trace-1.14.0.jar;C:\Users\QA\eclipse-workspace\SeleniumMethodsHomeWork\lib\opentelemetry-semconv-1.14.0-alpha.jar;C:\Users\QA\eclipse-workspace\SeleniumMethodsHomeWork\lib\reactive-streams-1.0.3.jar;C:\Users\QA\eclipse-workspace\SeleniumMethodsHomeWork\lib\selenium-api-4.2.2.jar;C:\Users\QA\eclipse-workspace\SeleniumMethodsHomeWork\lib\selenium-api-4.2.2-sources.jar;C:\Users\QA\eclipse-workspace\SeleniumMethodsHomeWork\lib\selenium-chrome-driver-4.2.2.jar;C:\Users\QA\eclipse-workspace\SeleniumMethodsHomeWork\lib\selenium-chrome-driver-4.2.2-sources.jar;C:\Users\QA\eclipse-workspace\SeleniumMethodsHomeWork\lib\selenium-chromium-driver-4.2.2.jar;C:\Users\QA\eclipse-workspace\SeleniumMethodsHomeWork\lib\selenium-chromium-driver-4.2.2-sources.jar;C:\Users\QA\eclipse-workspace\SeleniumMethodsHomeWork\lib\selenium-devtools-v100-4.2.2.jar;C:\Users\QA\eclipse-workspace\SeleniumMethodsHomeWork\lib\selenium-devtools-v100-4.2.2-sources.jar;C:\Users\QA\eclipse-workspace\SeleniumMethodsHomeWork\lib\selenium-devtools-v101-4.2.2.jar;C:\Users\QA\eclipse-workspace\SeleniumMethodsHomeWork\lib\selenium-devtools-v101-4.2.2-sources.jar;C:\Users\QA\eclipse-workspace\SeleniumMethodsHomeWork\lib\selenium-devtools-v102-4.2.2.jar;C:\Users\QA\eclipse-workspace\SeleniumMethodsHomeWork\lib\selenium-devtools-v102-4.2.2-sources.jar;C:\Users\QA\eclipse-workspace\SeleniumMethodsHomeWork\lib\selenium-devtools-v85-4.2.2.jar;C:\Users\QA\eclipse-workspace\SeleniumMethodsHomeWork\lib\selenium-devtools-v85-4.2.2-sources.jar;C:\Users\QA\eclipse-workspace\SeleniumMethodsHomeWork\lib\selenium-edge-driver-4.2.2.jar;C:\Users\QA\eclipse-workspace\SeleniumMethodsHomeWork\lib\selenium-edge-driver-4.2.2-sources.jar;C:\Users\QA\eclipse-workspace\SeleniumMethodsHomeWork\lib\selenium-firefox-driver-4.2.2.jar;C:\Users\QA\eclipse-workspace\SeleniumMethodsHomeWork\lib\selenium-firefox-driver-4.2.2-sources.jar;C:\Users\QA\eclipse-workspace\SeleniumMethodsHomeWork\lib\selenium-http-4.2.2.jar;C:\Users\QA\eclipse-workspace\SeleniumMethodsHomeWork\lib\selenium-http-4.2.2-sources.jar;C:\Users\QA\eclipse-workspace\SeleniumMethodsHomeWork\lib\selenium-ie-driver-4.2.2.jar;C:\Users\QA\eclipse-workspace\SeleniumMethodsHomeWork\lib\selenium-ie-driver-4.2.2-sources.jar;C:\Users\QA\eclipse-workspace\SeleniumMethodsHomeWork\lib\selenium-java-4.2.2.jar;C:\Users\QA\eclipse-workspace\SeleniumMethodsHomeWork\lib\selenium-java-4.2.2-sources.jar;C:\Users\QA\eclipse-workspace\SeleniumMethodsHomeWork\lib\selenium-json-4.2.2.jar;C:\Users\QA\eclipse-workspace\SeleniumMethodsHomeWork\lib\selenium-json-4.2.2-sources.jar;C:\Users\QA\eclipse-workspace\SeleniumMethodsHomeWork\lib\selenium-opera-driver-4.2.2.jar;C:\Users\QA\eclipse-workspace\SeleniumMethodsHomeWork\lib\selenium-opera-driver-4.2.2-sources.jar;C:\Users\QA\eclipse-workspace\SeleniumMethodsHomeWork\lib\selenium-remote-driver-4.2.2.jar;C:\Users\QA\eclipse-workspace\SeleniumMethodsHomeWork\lib\selenium-remote-driver-4.2.2-sources.jar;C:\Users\QA\eclipse-workspace\SeleniumMethodsHomeWork\lib\selenium-safari-driver-4.2.2.jar;C:\Users\QA\eclipse-workspace\SeleniumMethodsHomeWork\lib\selenium-safari-driver-4.2.2-sources.jar;C:\Users\QA\eclipse-workspace\SeleniumMethodsHomeWork\lib\selenium-support-4.2.2.jar;C:\Users\QA\eclipse-workspace\SeleniumMethodsHomeWork\lib\selenium-support-4.2.2-sources.jar;C:\Users\QA\eclipse-workspace\SeleniumMethodsHomeWork\lib\slf4j-api-1.7.36.jar;C:\Users\QA\eclipse-workspace\SeleniumMethodsHomeWork\lib\testng-7.4.0.jar;C:\Users\QA\eclipse-workspace\SeleniumMethodsHomeWork\lib\webdrivermanager-5.2.0.jar, java.vm.vendor=Eclipse Adoptium, sun.arch.data.model=64, user.variant=, java.vendor.url=https:\adoptium.net\, java.vm.specification.version=17, os.name=Windows 10, sun.java.launcher=SUN_STANDARD, user.country=US, sun.boot.library.path=C:\Users\QA\.p2\pool\plugins\org.eclipse.justj.openjdk.hotspot.jre.full.win32.x86_64_17.0.2.v20220201-1208\jre\bin, sun.java.command=org.testng.remote.RemoteTestNG -serport 61420 -protocol json -d C:\Users\QA\eclipse-workspace\SeleniumMethodsHomeWork\test-output C:\Users\QA\AppData\Local\Temp\testng-eclipse-1171788960\testng-customsuite.xml, jdk.debug=release, sun.cpu.endian=little, user.home=C:\Users\QA, user.language=en, java.specification.vendor=Oracle Corporation, java.version.date=2022-01-18, java.home=C:\Users\QA\.p2\pool\plugins\org.eclipse.justj.openjdk.hotspot.jre.full.win32.x86_64_17.0.2.v20220201-1208\jre, file.separator=\, java.vm.compressedOopsMode=32-bit, line.separator=
, java.vm.specification.vendor=Oracle Corporation, java.specification.name=Java Platform API Specification, user.script=, sun.management.compiler=HotSpot 64-Bit Tiered Compilers, java.runtime.version=17.0.2+8, user.name=QA, path.separator=;, os.version=10.0, java.runtime.name=OpenJDK Runtime Environment, file.encoding=Cp1252, java.vm.name=OpenJDK 64-Bit Server VM, java.vendor.version=Temurin-17.0.2+8, java.vendor.url.bug=https:\github.com\adoptium\adoptium-support\issues, java.io.tmpdir=C:\Users\QA\AppData\Local\Temp\, java.version=17.0.2, user.dir=C:\Users\QA\eclipse-workspace\SeleniumMethodsHomeWork, os.arch=amd64, java.vm.specification.name=Java Virtual Machine Specification, sun.os.patch.level=, native.encoding=Cp1252, java.library.path=C:\Users\QA\.p2\pool\plugins\org.eclipse.justj.openjdk.hotspot.jre.full.win32.x86_64_17.0.2.v20220201-1208\jre\bin;C:\WINDOWS\Sun\Java\bin;C:\WINDOWS\system32;C:\WINDOWS;C:\Users\QA\.p2\pool\plugins\org.eclipse.justj.openjdk.hotspot.jre.full.win32.x86_64_17.0.2.v20220201-1208\jre\bin\server;C:\Users\QA\.p2\pool\plugins\org.eclipse.justj.openjdk.hotspot.jre.full.win32.x86_64_17.0.2.v20220201-1208\jre\bin;C:\Program Files (x86)\Common Files\Oracle\Java\javapath;C:\WINDOWS\system32;C:\WINDOWS;C:\WINDOWS\System32\Wbem;C:\WINDOWS\System32\WindowsPowerShell\v1.0\;C:\WINDOWS\System32\OpenSSH\;C:\Program Files\Java\jdk1.8.0_333\bin;C:\apache-maven-3.8.5\bin;C:\Users\QA\AppData\Local\Programs\Python\Python310\Scripts\;C:\Users\QA\AppData\Local\Programs\Python\Python310\;C:\Users\QA\AppData\Local\Microsoft\WindowsApps;C:\Users\QA\AppData\Local\Programs\Git\cmd;C:\Users\QA\AppData\Local\Programs\Microsoft VS Code\bin;C:\Users\QA\Desktop;;., java.vm.info=mixed mode, java.vendor=Eclipse Adoptium, java.vm.version=17.0.2+8, sun.io.unicode.encoding=UnicodeLittle, java.class.version=61.0}\driver\chromedriver.exe
at org.openqa.selenium.internal.Require$FileStateChecker.isFile(Require.java:342)
at org.openqa.selenium.remote.service.DriverService.checkExecutable(DriverService.java:147)
at org.openqa.selenium.remote.service.DriverService.findExecutable(DriverService.java:142)
at org.openqa.selenium.chrome.ChromeDriverService.access$000(ChromeDriverService.java:38)
at org.openqa.selenium.chrome.ChromeDriverService$Builder.findDefaultExecutable(ChromeDriverService.java:231)
at org.openqa.selenium.remote.service.DriverService$Builder.build(DriverService.java:437)
at org.openqa.selenium.chrome.ChromeDriverService.createDefaultService(ChromeDriverService.java:127)
at org.openqa.selenium.chrome.ChromeDriver.<init>(ChromeDriver.java:48)
at hw13TestNgAnnotation.Hw13.setUp(Hw13.java:15)
at java.base/jdk.internal.reflect.NativeMethodAccessorImpl.invoke0(Native Method)
at java.base/jdk.internal.reflect.NativeMethodAccessorImpl.invoke(NativeMethodAccessorImpl.java:77)
at java.base/jdk.internal.reflect.DelegatingMethodAccessorImpl.invoke(DelegatingMethodAccessorImpl.java:43)
at java.base/java.lang.reflect.Method.invoke(Method.java:568)
at org.testng.internal.MethodInvocationHelper.invokeMethod(MethodInvocationHelper.java:133)
at org.testng.internal.MethodInvocationHelper.invokeMethodConsideringTimeout(MethodInvocationHelper.java:62)
at org.testng.internal.ConfigInvoker.invokeConfigurationMethod(ConfigInvoker.java:385)
at org.testng.internal.ConfigInvoker.invokeConfigurations(ConfigInvoker.java:321)
at org.testng.TestRunner.invokeTestConfigurations(TestRunner.java:637)
at org.testng.TestRunner.beforeRun(TestRunner.java:627)
at org.testng.TestRunner.run(TestRunner.java:589)
at org.testng.SuiteRunner.runTest(SuiteRunner.java:377)
at org.testng.SuiteRunner.runSequentially(SuiteRunner.java:371)
at org.testng.SuiteRunner.privateRun(SuiteRunner.java:332)
at org.testng.SuiteRunner.run(SuiteRunner.java:276)
at org.testng.SuiteRunnerWorker.runSuite(SuiteRunnerWorker.java:53)
at org.testng.SuiteRunnerWorker.run(SuiteRunnerWorker.java:96)
at org.testng.TestNG.runSuitesSequentially(TestNG.java:1212)
at org.testng.TestNG.runSuitesLocally(TestNG.java:1134)
at org.testng.TestNG.runSuites(TestNG.java:1063)
at org.testng.TestNG.run(TestNG.java:1031)
at org.testng.remote.AbstractRemoteTestNG.run(AbstractRemoteTestNG.java:115)
at org.testng.remote.RemoteTestNG.initAndRun(RemoteTestNG.java:251)
at org.testng.remote.RemoteTestNG.main(RemoteTestNG.java:77)
]]>
    </error>
  </testcase> <!-- setUp -->
  <system-out/>
  <testcase classname="hw13TestNgAnnotation.Hw13" name="urlTest" time="0.000">
    <skipped/>
  </testcase> <!-- urlTest -->
  <system-out/>
</testsuite> <!-- hw13TestNgAnnotation.Hw13 -->
